# JRE version: OpenJDK Runtime Environment Temurin-17.0.7+7 (17.0.7+7) (build 17.0.7+7)
# Java VM: OpenJDK 64-Bit Server VM Temurin-17.0.7+7 (17.0.7+7, mixed mode, tiered, compressed oops, compressed class ptrs, g1 gc, windows-amd64)
GC Precious Log:
 CPUs: 4 total, 4 available
 Memory: 7834M
 Large Page Support: Disabled
 NUMA Support: Disabled
 Compressed Oops: Enabled (32-bit)
 Heap Region Size: 1M
 Heap Min Capacity: 8M
 Heap Initial Capacity: 124M
 Heap Max Capacity: 1960M
 Pre-touch: Disabled
 Parallel Workers: 4
 Concurrent Workers: 1
 Concurrent Refinement Workers: 4
 Periodic GC: Disabled
Heap:
 garbage-first heap   total 253952K, used 107442K [0x0000000085800000, 0x0000000100000000)
  region size 1024K, 2 young (2048K), 2 survivors (2048K)
 Metaspace       used 12591K, committed 12800K, reserved 1114112K
  class space    used 1232K, committed 1344K, reserved 1048576K
GC Heap History (20 events):
Event: 0.825 GC heap after
{Heap after GC invocations=5 (full 0):
 garbage-first heap   total 126976K, used 53933K [0x0000000085800000, 0x0000000100000000)
  region size 1024K, 2 young (2048K), 2 survivors (2048K)
 Metaspace       used 12574K, committed 12800K, reserved 1114112K
  class space    used 1232K, committed 1344K, reserved 1048576K
}
Event: 0.827 GC heap before
{Heap before GC invocations=5 (full 0):
 garbage-first heap   total 126976K, used 57005K [0x0000000085800000, 0x0000000100000000)
  region size 1024K, 4 young (4096K), 2 survivors (2048K)
 Metaspace       used 12574K, committed 12800K, reserved 1114112K
  class space    used 1232K, committed 1344K, reserved 1048576K
}
Event: 0.828 GC heap after
{Heap after GC invocations=6 (full 0):
 garbage-first heap   total 126976K, used 54173K [0x0000000085800000, 0x0000000100000000)
  region size 1024K, 2 young (2048K), 2 survivors (2048K)
 Metaspace       used 12574K, committed 12800K, reserved 1114112K
  class space    used 1232K, committed 1344K, reserved 1048576K
}
Event: 0.837 GC heap before
{Heap before GC invocations=7 (full 0):
 garbage-first heap   total 126976K, used 63389K [0x0000000085800000, 0x0000000100000000)
  region size 1024K, 4 young (4096K), 2 survivors (2048K)
 Metaspace       used 12574K, committed 12800K, reserved 1114112K
  class space    used 1232K, committed 1344K, reserved 1048576K
}
Event: 0.838 GC heap after
{Heap after GC invocations=8 (full 0):
 garbage-first heap   total 158720K, used 56159K [0x0000000085800000, 0x0000000100000000)
  region size 1024K, 2 young (2048K), 2 survivors (2048K)
 Metaspace       used 12574K, committed 12800K, reserved 1114112K
  class space    used 1232K, committed 1344K, reserved 1048576K
}
Event: 0.850 GC heap before
{Heap before GC invocations=9 (full 0):
 garbage-first heap   total 158720K, used 74591K [0x0000000085800000, 0x0000000100000000)
  region size 1024K, 5 young (5120K), 2 survivors (2048K)
 Metaspace       used 12576K, committed 12800K, reserved 1114112K
  class space    used 1232K, committed 1344K, reserved 1048576K
}
Event: 0.850 GC heap after
{Heap after GC invocations=10 (full 0):
 garbage-first heap   total 158720K, used 66398K [0x0000000085800000, 0x0000000100000000)
  region size 1024K, 2 young (2048K), 2 survivors (2048K)
 Metaspace       used 12576K, committed 12800K, reserved 1114112K
  class space    used 1232K, committed 1344K, reserved 1048576K
}
Event: 0.855 GC heap before
{Heap before GC invocations=10 (full 0):
 garbage-first heap   total 158720K, used 73566K [0x0000000085800000, 0x0000000100000000)
  region size 1024K, 5 young (5120K), 2 survivors (2048K)
 Metaspace       used 12577K, committed 12800K, reserved 1114112K
  class space    used 1232K, committed 1344K, reserved 1048576K
}
Event: 0.856 GC heap after
{Heap after GC invocations=11 (full 0):
 garbage-first heap   total 158720K, used 68509K [0x0000000085800000, 0x0000000100000000)
  region size 1024K, 2 young (2048K), 2 survivors (2048K)
 Metaspace       used 12577K, committed 12800K, reserved 1114112K
  class space    used 1232K, committed 1344K, reserved 1048576K
}
Event: 0.866 GC heap before
{Heap before GC invocations=12 (full 0):
 garbage-first heap   total 158720K, used 81821K [0x0000000085800000, 0x0000000100000000)
  region size 1024K, 4 young (4096K), 2 survivors (2048K)
 Metaspace       used 12581K, committed 12800K, reserved 1114112K
  class space    used 1232K, committed 1344K, reserved 1048576K
}
Event: 0.866 GC heap after
{Heap after GC invocations=13 (full 0):
 garbage-first heap   total 158720K, used 76704K [0x0000000085800000, 0x0000000100000000)
  region size 1024K, 2 young (2048K), 2 survivors (2048K)
 Metaspace       used 12581K, committed 12800K, reserved 1114112K
  class space    used 1232K, committed 1344K, reserved 1048576K
}
Event: 0.876 GC heap before
{Heap before GC invocations=14 (full 0):
 garbage-first heap   total 158720K, used 82848K [0x0000000085800000, 0x0000000100000000)
  region size 1024K, 5 young (5120K), 2 survivors (2048K)
 Metaspace       used 12585K, committed 12800K, reserved 1114112K
  class space    used 1232K, committed 1344K, reserved 1048576K
}
Event: 0.877 GC heap after
{Heap after GC invocations=15 (full 0):
 garbage-first heap   total 253952K, used 76706K [0x0000000085800000, 0x0000000100000000)
  region size 1024K, 2 young (2048K), 2 survivors (2048K)
 Metaspace       used 12585K, committed 12800K, reserved 1114112K
  class space    used 1232K, committed 1344K, reserved 1048576K
}
Event: 0.900 GC heap before
{Heap before GC invocations=15 (full 0):
 garbage-first heap   total 253952K, used 115618K [0x0000000085800000, 0x0000000100000000)
  region size 1024K, 5 young (5120K), 2 survivors (2048K)
 Metaspace       used 12589K, committed 12800K, reserved 1114112K
  class space    used 1232K, committed 1344K, reserved 1048576K
}
Event: 0.900 GC heap after
{Heap after GC invocations=16 (full 0):
 garbage-first heap   total 253952K, used 95198K [0x0000000085800000, 0x0000000100000000)
  region size 1024K, 2 young (2048K), 2 survivors (2048K)
 Metaspace       used 12589K, committed 12800K, reserved 1114112K
  class space    used 1232K, committed 1344K, reserved 1048576K
}
Event: 0.902 GC heap before
{Heap before GC invocations=16 (full 0):
 garbage-first heap   total 253952K, used 103390K [0x0000000085800000, 0x0000000100000000)
  region size 1024K, 3 young (3072K), 2 survivors (2048K)
 Metaspace       used 12589K, committed 12800K, reserved 1114112K
  class space    used 1232K, committed 1344K, reserved 1048576K
}
Event: 0.903 GC heap after
{Heap after GC invocations=17 (full 0):
 garbage-first heap   total 253952K, used 101300K [0x0000000085800000, 0x0000000100000000)
  region size 1024K, 2 young (2048K), 2 survivors (2048K)
 Metaspace       used 12589K, committed 12800K, reserved 1114112K
  class space    used 1232K, committed 1344K, reserved 1048576K
}
Event: 0.909 GC heap before
{Heap before GC invocations=17 (full 0):
 garbage-first heap   total 253952K, used 114612K [0x0000000085800000, 0x0000000100000000)
  region size 1024K, 4 young (4096K), 2 survivors (2048K)
 Metaspace       used 12589K, committed 12800K, reserved 1114112K
  class space    used 1232K, committed 1344K, reserved 1048576K
}
Event: 0.910 GC heap after
{Heap after GC invocations=18 (full 0):
 garbage-first heap   total 253952K, used 103403K [0x0000000085800000, 0x0000000100000000)
  region size 1024K, 2 young (2048K), 2 survivors (2048K)
 Metaspace       used 12589K, committed 12800K, reserved 1114112K
  class space    used 1232K, committed 1344K, reserved 1048576K
}
Event: 0.916 GC heap before
{Heap before GC invocations=18 (full 0):
 garbage-first heap   total 253952K, used 112619K [0x0000000085800000, 0x0000000100000000)
  region size 1024K, 4 young (4096K), 2 survivors (2048K)
 Metaspace       used 12591K, committed 12800K, reserved 1114112K
  class space    used 1232K, committed 1344K, reserved 1048576K
}

