# JRE version: OpenJDK Runtime Environment Temurin-17.0.7+7 (17.0.7+7) (build 17.0.7+7)
# Java VM: OpenJDK 64-Bit Server VM Temurin-17.0.7+7 (17.0.7+7, mixed mode, tiered, compressed oops, compressed class ptrs, g1 gc, windows-amd64)
GC Precious Log:
 CPUs: 4 total, 4 available
 Memory: 7834M
 Large Page Support: Disabled
 NUMA Support: Disabled
 Compressed Oops: Enabled (32-bit)
 Heap Region Size: 1M
 Heap Min Capacity: 8M
 Heap Initial Capacity: 124M
 Heap Max Capacity: 1960M
 Pre-touch: Disabled
 Parallel Workers: 4
 Concurrent Workers: 1
 Concurrent Refinement Workers: 4
 Periodic GC: Disabled
Heap:
 garbage-first heap   total 579584K, used 261865K [0x0000000085800000, 0x0000000100000000)
  region size 1024K, 10 young (10240K), 10 survivors (10240K)
 Metaspace       used 12959K, committed 13184K, reserved 1114112K
  class space    used 1232K, committed 1344K, reserved 1048576K
GC Heap History (20 events):
Event: 0.794 GC heap after
{Heap after GC invocations=11 (full 0):
 garbage-first heap   total 266240K, used 99125K [0x0000000085800000, 0x0000000100000000)
  region size 1024K, 2 young (2048K), 2 survivors (2048K)
 Metaspace       used 12564K, committed 12800K, reserved 1114112K
  class space    used 1232K, committed 1344K, reserved 1048576K
}
Event: 0.809 GC heap before
{Heap before GC invocations=12 (full 0):
 garbage-first heap   total 266240K, used 121653K [0x0000000085800000, 0x0000000100000000)
  region size 1024K, 5 young (5120K), 2 survivors (2048K)
 Metaspace       used 12564K, committed 12800K, reserved 1114112K
  class space    used 1232K, committed 1344K, reserved 1048576K
}
Event: 0.810 GC heap after
{Heap after GC invocations=13 (full 0):
 garbage-first heap   total 266240K, used 107325K [0x0000000085800000, 0x0000000100000000)
  region size 1024K, 2 young (2048K), 2 survivors (2048K)
 Metaspace       used 12564K, committed 12800K, reserved 1114112K
  class space    used 1232K, committed 1344K, reserved 1048576K
}
Event: 0.816 GC heap before
{Heap before GC invocations=13 (full 0):
 garbage-first heap   total 266240K, used 121661K [0x0000000085800000, 0x0000000100000000)
  region size 1024K, 5 young (5120K), 2 survivors (2048K)
 Metaspace       used 12574K, committed 12800K, reserved 1114112K
  class space    used 1232K, committed 1344K, reserved 1048576K
}
Event: 0.817 GC heap after
{Heap after GC invocations=14 (full 0):
 garbage-first heap   total 266240K, used 113530K [0x0000000085800000, 0x0000000100000000)
  region size 1024K, 2 young (2048K), 2 survivors (2048K)
 Metaspace       used 12574K, committed 12800K, reserved 1114112K
  class space    used 1232K, committed 1344K, reserved 1048576K
}
Event: 0.821 GC heap before
{Heap before GC invocations=14 (full 0):
 garbage-first heap   total 266240K, used 121722K [0x0000000085800000, 0x0000000100000000)
  region size 1024K, 5 young (5120K), 2 survivors (2048K)
 Metaspace       used 12577K, committed 12800K, reserved 1114112K
  class space    used 1232K, committed 1344K, reserved 1048576K
}
Event: 0.823 GC heap after
{Heap after GC invocations=15 (full 0):
 garbage-first heap   total 579584K, used 115524K [0x0000000085800000, 0x0000000100000000)
  region size 1024K, 2 young (2048K), 2 survivors (2048K)
 Metaspace       used 12577K, committed 12800K, reserved 1114112K
  class space    used 1232K, committed 1344K, reserved 1048576K
}
Event: 1.818 GC heap before
{Heap before GC invocations=15 (full 0):
 garbage-first heap   total 579584K, used 335684K [0x0000000085800000, 0x0000000100000000)
  region size 1024K, 76 young (77824K), 2 survivors (2048K)
 Metaspace       used 12936K, committed 13184K, reserved 1114112K
  class space    used 1232K, committed 1344K, reserved 1048576K
}
Event: 1.821 GC heap after
{Heap after GC invocations=16 (full 0):
 garbage-first heap   total 579584K, used 177875K [0x0000000085800000, 0x0000000100000000)
  region size 1024K, 7 young (7168K), 7 survivors (7168K)
 Metaspace       used 12936K, committed 13184K, reserved 1114112K
  class space    used 1232K, committed 1344K, reserved 1048576K
}
Event: 1.897 GC heap before
{Heap before GC invocations=16 (full 0):
 garbage-first heap   total 579584K, used 270035K [0x0000000085800000, 0x0000000100000000)
  region size 1024K, 12 young (12288K), 7 survivors (7168K)
 Metaspace       used 12944K, committed 13184K, reserved 1114112K
  class space    used 1232K, committed 1344K, reserved 1048576K
}
Event: 1.898 GC heap after
{Heap after GC invocations=17 (full 0):
 garbage-first heap   total 579584K, used 221256K [0x0000000085800000, 0x0000000100000000)
  region size 1024K, 7 young (7168K), 7 survivors (7168K)
 Metaspace       used 12944K, committed 13184K, reserved 1114112K
  class space    used 1232K, committed 1344K, reserved 1048576K
}
Event: 2.025 GC heap before
{Heap before GC invocations=18 (full 0):
 garbage-first heap   total 579584K, used 278600K [0x0000000085800000, 0x0000000100000000)
  region size 1024K, 21 young (21504K), 7 survivors (7168K)
 Metaspace       used 12957K, committed 13184K, reserved 1114112K
  class space    used 1232K, committed 1344K, reserved 1048576K
}
Event: 2.027 GC heap after
{Heap after GC invocations=19 (full 0):
 garbage-first heap   total 579584K, used 222381K [0x0000000085800000, 0x0000000100000000)
  region size 1024K, 10 young (10240K), 10 survivors (10240K)
 Metaspace       used 12957K, committed 13184K, reserved 1114112K
  class space    used 1232K, committed 1344K, reserved 1048576K
}
Event: 2.028 GC heap before
{Heap before GC invocations=19 (full 0):
 garbage-first heap   total 579584K, used 226477K [0x0000000085800000, 0x0000000100000000)
  region size 1024K, 11 young (11264K), 10 survivors (10240K)
 Metaspace       used 12957K, committed 13184K, reserved 1114112K
  class space    used 1232K, committed 1344K, reserved 1048576K
}
Event: 2.029 GC heap after
{Heap after GC invocations=20 (full 0):
 garbage-first heap   total 579584K, used 226912K [0x0000000085800000, 0x0000000100000000)
  region size 1024K, 10 young (10240K), 10 survivors (10240K)
 Metaspace       used 12957K, committed 13184K, reserved 1114112K
  class space    used 1232K, committed 1344K, reserved 1048576K
}
Event: 2.049 GC heap before
{Heap before GC invocations=20 (full 0):
 garbage-first heap   total 579584K, used 270944K [0x0000000085800000, 0x0000000100000000)
  region size 1024K, 13 young (13312K), 10 survivors (10240K)
 Metaspace       used 12958K, committed 13184K, reserved 1114112K
  class space    used 1232K, committed 1344K, reserved 1048576K
}
Event: 2.051 GC heap after
{Heap after GC invocations=21 (full 0):
 garbage-first heap   total 579584K, used 249328K [0x0000000085800000, 0x0000000100000000)
  region size 1024K, 10 young (10240K), 10 survivors (10240K)
 Metaspace       used 12958K, committed 13184K, reserved 1114112K
  class space    used 1232K, committed 1344K, reserved 1048576K
}
Event: 2.063 GC heap before
{Heap before GC invocations=21 (full 0):
 garbage-first heap   total 579584K, used 271856K [0x0000000085800000, 0x0000000100000000)
  region size 1024K, 13 young (13312K), 10 survivors (10240K)
 Metaspace       used 12959K, committed 13184K, reserved 1114112K
  class space    used 1232K, committed 1344K, reserved 1048576K
}
Event: 2.065 GC heap after
{Heap after GC invocations=22 (full 0):
 garbage-first heap   total 579584K, used 259814K [0x0000000085800000, 0x0000000100000000)
  region size 1024K, 10 young (10240K), 10 survivors (10240K)
 Metaspace       used 12959K, committed 13184K, reserved 1114112K
  class space    used 1232K, committed 1344K, reserved 1048576K
}
Event: 2.072 GC heap before
{Heap before GC invocations=22 (full 0):
 garbage-first heap   total 579584K, used 269030K [0x0000000085800000, 0x0000000100000000)
  region size 1024K, 12 young (12288K), 10 survivors (10240K)
 Metaspace       used 12959K, committed 13184K, reserved 1114112K
  class space    used 1232K, committed 1344K, reserved 1048576K
}

