# JRE version: OpenJDK Runtime Environment Temurin-17.0.7+7 (17.0.7+7) (build 17.0.7+7)
# Java VM: OpenJDK 64-Bit Server VM Temurin-17.0.7+7 (17.0.7+7, mixed mode, tiered, compressed oops, compressed class ptrs, g1 gc, windows-amd64)
GC Precious Log:
 CPUs: 4 total, 4 available
 Memory: 7834M
 Large Page Support: Disabled
 NUMA Support: Disabled
 Compressed Oops: Enabled (32-bit)
 Heap Region Size: 1M
 Heap Min Capacity: 8M
 Heap Initial Capacity: 124M
 Heap Max Capacity: 1960M
 Pre-touch: Disabled
 Parallel Workers: 4
 Concurrent Workers: 1
 Concurrent Refinement Workers: 4
 Periodic GC: Disabled
Heap:
 garbage-first heap   total 190464K, used 83778K [0x0000000085800000, 0x0000000100000000)
  region size 1024K, 3 young (3072K), 3 survivors (3072K)
 Metaspace       used 15229K, committed 15424K, reserved 1114112K
  class space    used 1511K, committed 1600K, reserved 1048576K
GC Heap History (20 events):
Event: 1.323 GC heap after
{Heap after GC invocations=1 (full 0):
 garbage-first heap   total 126976K, used 5828K [0x0000000085800000, 0x0000000100000000)
  region size 1024K, 2 young (2048K), 2 survivors (2048K)
 Metaspace       used 12923K, committed 13120K, reserved 1114112K
  class space    used 1271K, committed 1408K, reserved 1048576K
}
Event: 1.960 GC heap before
{Heap before GC invocations=1 (full 0):
 garbage-first heap   total 126976K, used 65220K [0x0000000085800000, 0x0000000100000000)
  region size 1024K, 11 young (11264K), 2 survivors (2048K)
 Metaspace       used 15161K, committed 15360K, reserved 1114112K
  class space    used 1511K, committed 1600K, reserved 1048576K
}
Event: 1.965 GC heap after
{Heap after GC invocations=2 (full 0):
 garbage-first heap   total 126976K, used 33401K [0x0000000085800000, 0x0000000100000000)
  region size 1024K, 1 young (1024K), 1 survivors (1024K)
 Metaspace       used 15161K, committed 15360K, reserved 1114112K
  class space    used 1511K, committed 1600K, reserved 1048576K
}
Event: 2.002 GC heap before
{Heap before GC invocations=3 (full 0):
 garbage-first heap   total 126976K, used 57977K [0x0000000085800000, 0x0000000100000000)
  region size 1024K, 4 young (4096K), 1 survivors (1024K)
 Metaspace       used 15162K, committed 15360K, reserved 1114112K
  class space    used 1511K, committed 1600K, reserved 1048576K
}
Event: 2.003 GC heap after
{Heap after GC invocations=4 (full 0):
 garbage-first heap   total 126976K, used 45588K [0x0000000085800000, 0x0000000100000000)
  region size 1024K, 1 young (1024K), 1 survivors (1024K)
 Metaspace       used 15162K, committed 15360K, reserved 1114112K
  class space    used 1511K, committed 1600K, reserved 1048576K
}
Event: 2.065 GC heap before
{Heap before GC invocations=4 (full 0):
 garbage-first heap   total 126976K, used 57876K [0x0000000085800000, 0x0000000100000000)
  region size 1024K, 4 young (4096K), 1 survivors (1024K)
 Metaspace       used 15180K, committed 15424K, reserved 1114112K
  class space    used 1511K, committed 1600K, reserved 1048576K
}
Event: 2.067 GC heap after
{Heap after GC invocations=5 (full 0):
 garbage-first heap   total 126976K, used 49748K [0x0000000085800000, 0x0000000100000000)
  region size 1024K, 1 young (1024K), 1 survivors (1024K)
 Metaspace       used 15180K, committed 15424K, reserved 1114112K
  class space    used 1511K, committed 1600K, reserved 1048576K
}
Event: 2.080 GC heap before
{Heap before GC invocations=5 (full 0):
 garbage-first heap   total 126976K, used 55892K [0x0000000085800000, 0x0000000100000000)
  region size 1024K, 3 young (3072K), 1 survivors (1024K)
 Metaspace       used 15180K, committed 15424K, reserved 1114112K
  class space    used 1511K, committed 1600K, reserved 1048576K
}
Event: 2.082 GC heap after
{Heap after GC invocations=6 (full 0):
 garbage-first heap   total 126976K, used 53876K [0x0000000085800000, 0x0000000100000000)
  region size 1024K, 1 young (1024K), 1 survivors (1024K)
 Metaspace       used 15180K, committed 15424K, reserved 1114112K
  class space    used 1511K, committed 1600K, reserved 1048576K
}
Event: 2.131 GC heap before
{Heap before GC invocations=6 (full 0):
 garbage-first heap   total 126976K, used 57972K [0x0000000085800000, 0x0000000100000000)
  region size 1024K, 4 young (4096K), 1 survivors (1024K)
 Metaspace       used 15218K, committed 15424K, reserved 1114112K
  class space    used 1511K, committed 1600K, reserved 1048576K
}
Event: 2.132 GC heap after
{Heap after GC invocations=7 (full 0):
 garbage-first heap   total 126976K, used 51787K [0x0000000085800000, 0x0000000100000000)
  region size 1024K, 1 young (1024K), 1 survivors (1024K)
 Metaspace       used 15218K, committed 15424K, reserved 1114112K
  class space    used 1511K, committed 1600K, reserved 1048576K
}
Event: 2.138 GC heap before
{Heap before GC invocations=7 (full 0):
 garbage-first heap   total 126976K, used 56907K [0x0000000085800000, 0x0000000100000000)
  region size 1024K, 3 young (3072K), 1 survivors (1024K)
 Metaspace       used 15220K, committed 15424K, reserved 1114112K
  class space    used 1511K, committed 1600K, reserved 1048576K
}
Event: 2.139 GC heap after
{Heap after GC invocations=8 (full 0):
 garbage-first heap   total 190464K, used 56997K [0x0000000085800000, 0x0000000100000000)
  region size 1024K, 3 young (3072K), 3 survivors (3072K)
 Metaspace       used 15220K, committed 15424K, reserved 1114112K
  class space    used 1511K, committed 1600K, reserved 1048576K
}
Event: 2.196 GC heap before
{Heap before GC invocations=8 (full 0):
 garbage-first heap   total 190464K, used 88741K [0x0000000085800000, 0x0000000100000000)
  region size 1024K, 7 young (7168K), 3 survivors (3072K)
 Metaspace       used 15227K, committed 15424K, reserved 1114112K
  class space    used 1511K, committed 1600K, reserved 1048576K
}
Event: 2.198 GC heap after
{Heap after GC invocations=9 (full 0):
 garbage-first heap   total 190464K, used 71457K [0x0000000085800000, 0x0000000100000000)
  region size 1024K, 3 young (3072K), 3 survivors (3072K)
 Metaspace       used 15227K, committed 15424K, reserved 1114112K
  class space    used 1511K, committed 1600K, reserved 1048576K
}
Event: 2.213 GC heap before
{Heap before GC invocations=9 (full 0):
 garbage-first heap   total 190464K, used 86817K [0x0000000085800000, 0x0000000100000000)
  region size 1024K, 5 young (5120K), 3 survivors (3072K)
 Metaspace       used 15229K, committed 15424K, reserved 1114112K
  class space    used 1511K, committed 1600K, reserved 1048576K
}
Event: 2.214 GC heap after
{Heap after GC invocations=10 (full 0):
 garbage-first heap   total 190464K, used 79673K [0x0000000085800000, 0x0000000100000000)
  region size 1024K, 3 young (3072K), 3 survivors (3072K)
 Metaspace       used 15229K, committed 15424K, reserved 1114112K
  class space    used 1511K, committed 1600K, reserved 1048576K
}
Event: 2.219 GC heap before
{Heap before GC invocations=10 (full 0):
 garbage-first heap   total 190464K, used 86841K [0x0000000085800000, 0x0000000100000000)
  region size 1024K, 5 young (5120K), 3 survivors (3072K)
 Metaspace       used 15229K, committed 15424K, reserved 1114112K
  class space    used 1511K, committed 1600K, reserved 1048576K
}
Event: 2.220 GC heap after
{Heap after GC invocations=11 (full 0):
 garbage-first heap   total 190464K, used 81728K [0x0000000085800000, 0x0000000100000000)
  region size 1024K, 3 young (3072K), 3 survivors (3072K)
 Metaspace       used 15229K, committed 15424K, reserved 1114112K
  class space    used 1511K, committed 1600K, reserved 1048576K
}
Event: 2.220 GC heap before
{Heap before GC invocations=11 (full 0):
 garbage-first heap   total 190464K, used 85824K [0x0000000085800000, 0x0000000100000000)
  region size 1024K, 5 young (5120K), 3 survivors (3072K)
 Metaspace       used 15229K, committed 15424K, reserved 1114112K
  class space    used 1511K, committed 1600K, reserved 1048576K
}

