# JRE version: OpenJDK Runtime Environment Temurin-17.0.7+7 (17.0.7+7) (build 17.0.7+7)
# Java VM: OpenJDK 64-Bit Server VM Temurin-17.0.7+7 (17.0.7+7, mixed mode, tiered, compressed oops, compressed class ptrs, g1 gc, windows-amd64)
GC Precious Log:
 CPUs: 4 total, 4 available
 Memory: 7834M
 Large Page Support: Disabled
 NUMA Support: Disabled
 Compressed Oops: Enabled (32-bit)
 Heap Region Size: 1M
 Heap Min Capacity: 8M
 Heap Initial Capacity: 124M
 Heap Max Capacity: 1960M
 Pre-touch: Disabled
 Parallel Workers: 4
 Concurrent Workers: 1
 Concurrent Refinement Workers: 4
 Periodic GC: Disabled
Heap:
 garbage-first heap   total 302080K, used 146552K [0x0000000085800000, 0x0000000100000000)
  region size 1024K, 3 young (3072K), 3 survivors (3072K)
 Metaspace       used 12784K, committed 12992K, reserved 1114112K
  class space    used 1232K, committed 1344K, reserved 1048576K
GC Heap History (20 events):
Event: 1.090 GC heap after
{Heap after GC invocations=13 (full 0):
 garbage-first heap   total 302080K, used 80427K [0x0000000085800000, 0x0000000100000000)
  region size 1024K, 1 young (1024K), 1 survivors (1024K)
 Metaspace       used 12558K, committed 12800K, reserved 1114112K
  class space    used 1232K, committed 1344K, reserved 1048576K
}
Event: 1.270 GC heap before
{Heap before GC invocations=13 (full 0):
 garbage-first heap   total 302080K, used 146987K [0x0000000085800000, 0x0000000100000000)
  region size 1024K, 13 young (13312K), 1 survivors (1024K)
 Metaspace       used 12644K, committed 12864K, reserved 1114112K
  class space    used 1232K, committed 1344K, reserved 1048576K
}
Event: 1.271 GC heap after
{Heap after GC invocations=14 (full 0):
 garbage-first heap   total 302080K, used 107156K [0x0000000085800000, 0x0000000100000000)
  region size 1024K, 2 young (2048K), 2 survivors (2048K)
 Metaspace       used 12644K, committed 12864K, reserved 1114112K
  class space    used 1232K, committed 1344K, reserved 1048576K
}
Event: 1.424 GC heap before
{Heap before GC invocations=15 (full 0):
 garbage-first heap   total 302080K, used 152212K [0x0000000085800000, 0x0000000100000000)
  region size 1024K, 19 young (19456K), 2 survivors (2048K)
 Metaspace       used 12730K, committed 12928K, reserved 1114112K
  class space    used 1232K, committed 1344K, reserved 1048576K
}
Event: 1.426 GC heap after
{Heap after GC invocations=16 (full 0):
 garbage-first heap   total 302080K, used 117706K [0x0000000085800000, 0x0000000100000000)
  region size 1024K, 4 young (4096K), 4 survivors (4096K)
 Metaspace       used 12730K, committed 12928K, reserved 1114112K
  class space    used 1232K, committed 1344K, reserved 1048576K
}
Event: 1.452 GC heap before
{Heap before GC invocations=16 (full 0):
 garbage-first heap   total 302080K, used 140234K [0x0000000085800000, 0x0000000100000000)
  region size 1024K, 8 young (8192K), 4 survivors (4096K)
 Metaspace       used 12758K, committed 12992K, reserved 1114112K
  class space    used 1232K, committed 1344K, reserved 1048576K
}
Event: 1.453 GC heap after
{Heap after GC invocations=17 (full 0):
 garbage-first heap   total 302080K, used 128092K [0x0000000085800000, 0x0000000100000000)
  region size 1024K, 4 young (4096K), 4 survivors (4096K)
 Metaspace       used 12758K, committed 12992K, reserved 1114112K
  class space    used 1232K, committed 1344K, reserved 1048576K
}
Event: 1.465 GC heap before
{Heap before GC invocations=17 (full 0):
 garbage-first heap   total 302080K, used 140380K [0x0000000085800000, 0x0000000100000000)
  region size 1024K, 7 young (7168K), 4 survivors (4096K)
 Metaspace       used 12761K, committed 12992K, reserved 1114112K
  class space    used 1232K, committed 1344K, reserved 1048576K
}
Event: 1.466 GC heap after
{Heap after GC invocations=18 (full 0):
 garbage-first heap   total 302080K, used 134326K [0x0000000085800000, 0x0000000100000000)
  region size 1024K, 4 young (4096K), 4 survivors (4096K)
 Metaspace       used 12761K, committed 12992K, reserved 1114112K
  class space    used 1232K, committed 1344K, reserved 1048576K
}
Event: 1.486 GC heap before
{Heap before GC invocations=19 (full 0):
 garbage-first heap   total 302080K, used 141494K [0x0000000085800000, 0x0000000100000000)
  region size 1024K, 8 young (8192K), 4 survivors (4096K)
 Metaspace       used 12763K, committed 12992K, reserved 1114112K
  class space    used 1232K, committed 1344K, reserved 1048576K
}
Event: 1.487 GC heap after
{Heap after GC invocations=20 (full 0):
 garbage-first heap   total 302080K, used 136399K [0x0000000085800000, 0x0000000100000000)
  region size 1024K, 4 young (4096K), 4 survivors (4096K)
 Metaspace       used 12763K, committed 12992K, reserved 1114112K
  class space    used 1232K, committed 1344K, reserved 1048576K
}
Event: 1.490 GC heap before
{Heap before GC invocations=20 (full 0):
 garbage-first heap   total 302080K, used 140495K [0x0000000085800000, 0x0000000100000000)
  region size 1024K, 7 young (7168K), 4 survivors (4096K)
 Metaspace       used 12764K, committed 12992K, reserved 1114112K
  class space    used 1232K, committed 1344K, reserved 1048576K
}
Event: 1.491 GC heap after
{Heap after GC invocations=21 (full 0):
 garbage-first heap   total 302080K, used 136406K [0x0000000085800000, 0x0000000100000000)
  region size 1024K, 4 young (4096K), 4 survivors (4096K)
 Metaspace       used 12764K, committed 12992K, reserved 1114112K
  class space    used 1232K, committed 1344K, reserved 1048576K
}
Event: 1.503 GC heap before
{Heap before GC invocations=22 (full 0):
 garbage-first heap   total 302080K, used 142550K [0x0000000085800000, 0x0000000100000000)
  region size 1024K, 7 young (7168K), 4 survivors (4096K)
 Metaspace       used 12773K, committed 12992K, reserved 1114112K
  class space    used 1232K, committed 1344K, reserved 1048576K
}
Event: 1.505 GC heap after
{Heap after GC invocations=23 (full 0):
 garbage-first heap   total 302080K, used 138285K [0x0000000085800000, 0x0000000100000000)
  region size 1024K, 3 young (3072K), 3 survivors (3072K)
 Metaspace       used 12773K, committed 12992K, reserved 1114112K
  class space    used 1232K, committed 1344K, reserved 1048576K
}
Event: 1.524 GC heap before
{Heap before GC invocations=24 (full 0):
 garbage-first heap   total 302080K, used 146477K [0x0000000085800000, 0x0000000100000000)
  region size 1024K, 7 young (7168K), 3 survivors (3072K)
 Metaspace       used 12775K, committed 12992K, reserved 1114112K
  class space    used 1232K, committed 1344K, reserved 1048576K
}
Event: 1.525 GC heap after
{Heap after GC invocations=25 (full 0):
 garbage-first heap   total 302080K, used 142577K [0x0000000085800000, 0x0000000100000000)
  region size 1024K, 3 young (3072K), 3 survivors (3072K)
 Metaspace       used 12775K, committed 12992K, reserved 1114112K
  class space    used 1232K, committed 1344K, reserved 1048576K
}
Event: 1.551 GC heap before
{Heap before GC invocations=26 (full 0):
 garbage-first heap   total 302080K, used 147697K [0x0000000085800000, 0x0000000100000000)
  region size 1024K, 7 young (7168K), 3 survivors (3072K)
 Metaspace       used 12784K, committed 12992K, reserved 1114112K
  class space    used 1232K, committed 1344K, reserved 1048576K
}
Event: 1.552 GC heap after
{Heap after GC invocations=27 (full 0):
 garbage-first heap   total 302080K, used 142478K [0x0000000085800000, 0x0000000100000000)
  region size 1024K, 3 young (3072K), 3 survivors (3072K)
 Metaspace       used 12784K, committed 12992K, reserved 1114112K
  class space    used 1232K, committed 1344K, reserved 1048576K
}
Event: 1.574 GC heap before
{Heap before GC invocations=28 (full 0):
 garbage-first heap   total 302080K, used 151694K [0x0000000085800000, 0x0000000100000000)
  region size 1024K, 7 young (7168K), 3 survivors (3072K)
 Metaspace       used 12784K, committed 12992K, reserved 1114112K
  class space    used 1232K, committed 1344K, reserved 1048576K
}

