# JRE version: OpenJDK Runtime Environment Temurin-17.0.7+7 (17.0.7+7) (build 17.0.7+7)
# Java VM: OpenJDK 64-Bit Server VM Temurin-17.0.7+7 (17.0.7+7, mixed mode, tiered, compressed oops, compressed class ptrs, g1 gc, windows-amd64)
GC Precious Log:
 CPUs: 4 total, 4 available
 Memory: 7834M
 Large Page Support: Disabled
 NUMA Support: Disabled
 Compressed Oops: Enabled (32-bit)
 Heap Region Size: 1M
 Heap Min Capacity: 8M
 Heap Initial Capacity: 124M
 Heap Max Capacity: 1960M
 Pre-touch: Disabled
 Parallel Workers: 4
 Concurrent Workers: 1
 Concurrent Refinement Workers: 4
 Periodic GC: Disabled
Heap:
 garbage-first heap   total 214016K, used 97353K [0x0000000085800000, 0x0000000100000000)
  region size 1024K, 2 young (2048K), 2 survivors (2048K)
 Metaspace       used 12568K, committed 12800K, reserved 1114112K
  class space    used 1230K, committed 1344K, reserved 1048576K
GC Heap History (19 events):
Event: 0.784 GC heap before
{Heap before GC invocations=0 (full 0):
 garbage-first heap   total 126976K, used 29696K [0x0000000085800000, 0x0000000100000000)
  region size 1024K, 13 young (13312K), 0 survivors (0K)
 Metaspace       used 12482K, committed 12736K, reserved 1114112K
  class space    used 1230K, committed 1344K, reserved 1048576K
}
Event: 0.788 GC heap after
{Heap after GC invocations=1 (full 0):
 garbage-first heap   total 126976K, used 14024K [0x0000000085800000, 0x0000000100000000)
  region size 1024K, 2 young (2048K), 2 survivors (2048K)
 Metaspace       used 12482K, committed 12736K, reserved 1114112K
  class space    used 1230K, committed 1344K, reserved 1048576K
}
Event: 0.903 GC heap before
{Heap before GC invocations=1 (full 0):
 garbage-first heap   total 126976K, used 60104K [0x0000000085800000, 0x0000000100000000)
  region size 1024K, 6 young (6144K), 2 survivors (2048K)
 Metaspace       used 12562K, committed 12800K, reserved 1114112K
  class space    used 1230K, committed 1344K, reserved 1048576K
}
Event: 0.905 GC heap after
{Heap after GC invocations=2 (full 0):
 garbage-first heap   total 126976K, used 35240K [0x0000000085800000, 0x0000000100000000)
  region size 1024K, 1 young (1024K), 1 survivors (1024K)
 Metaspace       used 12562K, committed 12800K, reserved 1114112K
  class space    used 1230K, committed 1344K, reserved 1048576K
}
Event: 0.917 GC heap before
{Heap before GC invocations=2 (full 0):
 garbage-first heap   total 126976K, used 56744K [0x0000000085800000, 0x0000000100000000)
  region size 1024K, 3 young (3072K), 1 survivors (1024K)
 Metaspace       used 12563K, committed 12800K, reserved 1114112K
  class space    used 1230K, committed 1344K, reserved 1048576K
}
Event: 0.918 GC heap after
{Heap after GC invocations=3 (full 0):
 garbage-first heap   total 126976K, used 45467K [0x0000000085800000, 0x0000000100000000)
  region size 1024K, 1 young (1024K), 1 survivors (1024K)
 Metaspace       used 12563K, committed 12800K, reserved 1114112K
  class space    used 1230K, committed 1344K, reserved 1048576K
}
Event: 0.921 GC heap before
{Heap before GC invocations=3 (full 0):
 garbage-first heap   total 126976K, used 57755K [0x0000000085800000, 0x0000000100000000)
  region size 1024K, 4 young (4096K), 1 survivors (1024K)
 Metaspace       used 12564K, committed 12800K, reserved 1114112K
  class space    used 1230K, committed 1344K, reserved 1048576K
}
Event: 0.921 GC heap after
{Heap after GC invocations=4 (full 0):
 garbage-first heap   total 126976K, used 54072K [0x0000000085800000, 0x0000000100000000)
  region size 1024K, 2 young (2048K), 2 survivors (2048K)
 Metaspace       used 12564K, committed 12800K, reserved 1114112K
  class space    used 1230K, committed 1344K, reserved 1048576K
}
Event: 0.924 GC heap before
{Heap before GC invocations=4 (full 0):
 garbage-first heap   total 126976K, used 56120K [0x0000000085800000, 0x0000000100000000)
  region size 1024K, 3 young (3072K), 2 survivors (2048K)
 Metaspace       used 12565K, committed 12800K, reserved 1114112K
  class space    used 1230K, committed 1344K, reserved 1048576K
}
Event: 0.924 GC heap after
{Heap after GC invocations=5 (full 0):
 garbage-first heap   total 126976K, used 54142K [0x0000000085800000, 0x0000000100000000)
  region size 1024K, 2 young (2048K), 2 survivors (2048K)
 Metaspace       used 12565K, committed 12800K, reserved 1114112K
  class space    used 1230K, committed 1344K, reserved 1048576K
}
Event: 0.940 GC heap before
{Heap before GC invocations=6 (full 0):
 garbage-first heap   total 126976K, used 65406K [0x0000000085800000, 0x0000000100000000)
  region size 1024K, 4 young (4096K), 2 survivors (2048K)
 Metaspace       used 12568K, committed 12800K, reserved 1114112K
  class space    used 1230K, committed 1344K, reserved 1048576K
}
Event: 0.942 GC heap after
{Heap after GC invocations=7 (full 0):
 garbage-first heap   total 214016K, used 58257K [0x0000000085800000, 0x0000000100000000)
  region size 1024K, 2 young (2048K), 2 survivors (2048K)
 Metaspace       used 12568K, committed 12800K, reserved 1114112K
  class space    used 1230K, committed 1344K, reserved 1048576K
}
Event: 0.971 GC heap before
{Heap before GC invocations=7 (full 0):
 garbage-first heap   total 214016K, used 99217K [0x0000000085800000, 0x0000000100000000)
  region size 1024K, 5 young (5120K), 2 survivors (2048K)
 Metaspace       used 12568K, committed 12800K, reserved 1114112K
  class space    used 1230K, committed 1344K, reserved 1048576K
}
Event: 0.972 GC heap after
{Heap after GC invocations=8 (full 0):
 garbage-first heap   total 214016K, used 78974K [0x0000000085800000, 0x0000000100000000)
  region size 1024K, 2 young (2048K), 2 survivors (2048K)
 Metaspace       used 12568K, committed 12800K, reserved 1114112K
  class space    used 1230K, committed 1344K, reserved 1048576K
}
Event: 0.973 GC heap before
{Heap before GC invocations=8 (full 0):
 garbage-first heap   total 214016K, used 85118K [0x0000000085800000, 0x0000000100000000)
  region size 1024K, 3 young (3072K), 2 survivors (2048K)
 Metaspace       used 12568K, committed 12800K, reserved 1114112K
  class space    used 1230K, committed 1344K, reserved 1048576K
}
Event: 0.973 GC heap after
{Heap after GC invocations=9 (full 0):
 garbage-first heap   total 214016K, used 85052K [0x0000000085800000, 0x0000000100000000)
  region size 1024K, 2 young (2048K), 2 survivors (2048K)
 Metaspace       used 12568K, committed 12800K, reserved 1114112K
  class space    used 1230K, committed 1344K, reserved 1048576K
}
Event: 0.980 GC heap before
{Heap before GC invocations=9 (full 0):
 garbage-first heap   total 214016K, used 98364K [0x0000000085800000, 0x0000000100000000)
  region size 1024K, 4 young (4096K), 2 survivors (2048K)
 Metaspace       used 12568K, committed 12800K, reserved 1114112K
  class space    used 1230K, committed 1344K, reserved 1048576K
}
Event: 0.981 GC heap after
{Heap after GC invocations=10 (full 0):
 garbage-first heap   total 214016K, used 89094K [0x0000000085800000, 0x0000000100000000)
  region size 1024K, 2 young (2048K), 2 survivors (2048K)
 Metaspace       used 12568K, committed 12800K, reserved 1114112K
  class space    used 1230K, committed 1344K, reserved 1048576K
}
Event: 0.992 GC heap before
{Heap before GC invocations=11 (full 0):
 garbage-first heap   total 214016K, used 106502K [0x0000000085800000, 0x0000000100000000)
  region size 1024K, 4 young (4096K), 2 survivors (2048K)
 Metaspace       used 12568K, committed 12800K, reserved 1114112K
  class space    used 1230K, committed 1344K, reserved 1048576K
}

